<?xml version="1.0" encoding="UTF-8"?>
<!-- Generated by org.testng.reporters.JUnitReportReporter -->
<testsuite hostname="DESKTOP-VH5210E" failures="0" tests="8" name="tests.OrangeHRM_01" time="13.194" errors="0" timestamp="2024-07-02T13:35:05 IST" skipped="7">
  <testcase classname="tests.OrangeHRM_01" name="deleteEmployee" time="13.194"/>
  <testcase classname="tests.OrangeHRM_01" name="uploadPhoto">
    <skipped/>
  </testcase> <!-- uploadPhoto -->
  <testcase classname="tests.OrangeHRM_01" name="fileUpload">
    <skipped/>
  </testcase> <!-- fileUpload -->
  <testcase classname="tests.OrangeHRM_01" name="loginWithValidCredentials">
    <skipped/>
  </testcase> <!-- loginWithValidCredentials -->
  <testcase classname="tests.OrangeHRM_01" name="searchEmployeeById">
    <skipped/>
  </testcase> <!-- searchEmployeeById -->
  <testcase classname="tests.OrangeHRM_01" name="addEmployee">
    <skipped/>
  </testcase> <!-- addEmployee -->
  <testcase classname="tests.OrangeHRM_01" name="loginWithInvalidCredentials">
    <skipped/>
  </testcase> <!-- loginWithInvalidCredentials -->
  <testcase classname="tests.OrangeHRM_01" name="searchEmployeeByName">
    <skipped/>
  </testcase> <!-- searchEmployeeByName -->
</testsuite> <!-- tests.OrangeHRM_01 -->
