<?xml version="1.0" encoding="UTF-8"?>
<!-- Generated by org.testng.reporters.JUnitReportReporter -->
<testsuite hostname="DESKTOP-VH5210E" failures="0" tests="2" name="TestScripts.loginTest" time="6.700" errors="0" timestamp="2024-07-02T15:29:32 IST" skipped="0">
  <testcase classname="TestScripts.loginTest" name="loginWithInvalidCredentials" time="5.223"/>
  <testcase classname="TestScripts.loginTest" name="loginWithValidCredentials" time="1.477"/>
</testsuite> <!-- TestScripts.loginTest -->
